Determining if the pthread_create exist failed with the following output:
Change Dir: /home/laura/programmiersprachen-aufgabenblatt-4/build/CMakeFiles/CMakeTmp

Run Build Command:"/usr/bin/make" "cmTC_403fc/fast"
/usr/bin/make -f CMakeFiles/cmTC_403fc.dir/build.make CMakeFiles/cmTC_403fc.dir/build
make[1]: Verzeichnis „/home/laura/programmiersprachen-aufgabenblatt-4/build/CMakeFiles/CMakeTmp“ wird betreten
Building C object CMakeFiles/cmTC_403fc.dir/CheckSymbolExists.c.o
/usr/bin/cc     -o CMakeFiles/cmTC_403fc.dir/CheckSymbolExists.c.o   -c /home/laura/programmiersprachen-aufgabenblatt-4/build/CMakeFiles/CMakeTmp/CheckSymbolExists.c
Linking C executable cmTC_403fc
/usr/bin/cmake -E cmake_link_script CMakeFiles/cmTC_403fc.dir/link.txt --verbose=1
/usr/bin/cc       CMakeFiles/cmTC_403fc.dir/CheckSymbolExists.c.o  -o cmTC_403fc -rdynamic 
CMakeFiles/cmTC_403fc.dir/CheckSymbolExists.c.o: In Funktion `main':
CheckSymbolExists.c:(.text+0x1b): Nicht definierter Verweis auf `pthread_create'
collect2: error: ld returned 1 exit status
CMakeFiles/cmTC_403fc.dir/build.make:97: die Regel für Ziel „cmTC_403fc“ scheiterte
make[1]: *** [cmTC_403fc] Fehler 1
make[1]: Verzeichnis „/home/laura/programmiersprachen-aufgabenblatt-4/build/CMakeFiles/CMakeTmp“ wird verlassen
Makefile:126: die Regel für Ziel „cmTC_403fc/fast“ scheiterte
make: *** [cmTC_403fc/fast] Fehler 2

File /home/laura/programmiersprachen-aufgabenblatt-4/build/CMakeFiles/CMakeTmp/CheckSymbolExists.c:
/* */
#include <pthread.h>

int main(int argc, char** argv)
{
  (void)argv;
#ifndef pthread_create
  return ((int*)(&pthread_create))[argc];
#else
  (void)argc;
  return 0;
#endif
}

Determining if the function pthread_create exists in the pthreads failed with the following output:
Change Dir: /home/laura/programmiersprachen-aufgabenblatt-4/build/CMakeFiles/CMakeTmp

Run Build Command:"/usr/bin/make" "cmTC_6c5cd/fast"
/usr/bin/make -f CMakeFiles/cmTC_6c5cd.dir/build.make CMakeFiles/cmTC_6c5cd.dir/build
make[1]: Verzeichnis „/home/laura/programmiersprachen-aufgabenblatt-4/build/CMakeFiles/CMakeTmp“ wird betreten
Building C object CMakeFiles/cmTC_6c5cd.dir/CheckFunctionExists.c.o
/usr/bin/cc    -DCHECK_FUNCTION_EXISTS=pthread_create   -o CMakeFiles/cmTC_6c5cd.dir/CheckFunctionExists.c.o   -c /usr/share/cmake-3.7/Modules/CheckFunctionExists.c
Linking C executable cmTC_6c5cd
/usr/bin/cmake -E cmake_link_script CMakeFiles/cmTC_6c5cd.dir/link.txt --verbose=1
/usr/bin/cc   -DCHECK_FUNCTION_EXISTS=pthread_create    CMakeFiles/cmTC_6c5cd.dir/CheckFunctionExists.c.o  -o cmTC_6c5cd -rdynamic -lpthreads 
/usr/bin/ld: cannot find -lpthreads
collect2: error: ld returned 1 exit status
CMakeFiles/cmTC_6c5cd.dir/build.make:97: die Regel für Ziel „cmTC_6c5cd“ scheiterte
make[1]: *** [cmTC_6c5cd] Fehler 1
make[1]: Verzeichnis „/home/laura/programmiersprachen-aufgabenblatt-4/build/CMakeFiles/CMakeTmp“ wird verlassen
Makefile:126: die Regel für Ziel „cmTC_6c5cd/fast“ scheiterte
make: *** [cmTC_6c5cd/fast] Fehler 2


